=== puma startup: 2016-05-26 14:40:30 +0800 ===
=== puma startup: 2016-05-26 14:52:32 +0800 ===
=== puma startup: 2016-05-26 14:55:15 +0800 ===
/home/users/hejie03/.jumbo/lib/ruby/gems/2.2.0/gems/rack-1.6.4/lib/rack/server.rb:355:in `delete': No such file or directory @ unlink_internal - /home/users/hejie03/projects/dawn-ror/tmp/pids/server.pid (Errno::ENOENT)
	from /home/users/hejie03/.jumbo/lib/ruby/gems/2.2.0/gems/rack-1.6.4/lib/rack/server.rb:355:in `block in write_pid'
	from /home/users/hejie03/.jumbo/lib/ruby/gems/2.2.0/gems/puma-3.4.0/lib/puma/cluster.rb:120:in `fork'
	from /home/users/hejie03/.jumbo/lib/ruby/gems/2.2.0/gems/puma-3.4.0/lib/puma/cluster.rb:120:in `block in spawn_workers'
	from /home/users/hejie03/.jumbo/lib/ruby/gems/2.2.0/gems/puma-3.4.0/lib/puma/cluster.rb:116:in `times'
	from /home/users/hejie03/.jumbo/lib/ruby/gems/2.2.0/gems/puma-3.4.0/lib/puma/cluster.rb:116:in `spawn_workers'
	from /home/users/hejie03/.jumbo/lib/ruby/gems/2.2.0/gems/puma-3.4.0/lib/puma/cluster.rb:424:in `run'
	from /home/users/hejie03/.jumbo/lib/ruby/gems/2.2.0/gems/puma-3.4.0/lib/puma/launcher.rb:172:in `run'
	from /home/users/hejie03/.jumbo/lib/ruby/gems/2.2.0/gems/puma-3.4.0/lib/rack/handler/puma.rb:51:in `run'
	from /home/users/hejie03/.jumbo/lib/ruby/gems/2.2.0/gems/rack-1.6.4/lib/rack/server.rb:286:in `start'
	from /home/users/hejie03/.jumbo/lib/ruby/gems/2.2.0/gems/railties-4.2.6/lib/rails/commands/server.rb:80:in `start'
	from /home/users/hejie03/.jumbo/lib/ruby/gems/2.2.0/gems/railties-4.2.6/lib/rails/commands/commands_tasks.rb:80:in `block in server'
	from /home/users/hejie03/.jumbo/lib/ruby/gems/2.2.0/gems/railties-4.2.6/lib/rails/commands/commands_tasks.rb:75:in `tap'
	from /home/users/hejie03/.jumbo/lib/ruby/gems/2.2.0/gems/railties-4.2.6/lib/rails/commands/commands_tasks.rb:75:in `server'
	from /home/users/hejie03/.jumbo/lib/ruby/gems/2.2.0/gems/railties-4.2.6/lib/rails/commands/commands_tasks.rb:39:in `run_command!'
	from /home/users/hejie03/.jumbo/lib/ruby/gems/2.2.0/gems/railties-4.2.6/lib/rails/commands.rb:17:in `<top (required)>'
	from /home/users/hejie03/projects/dawn-ror/bin/rails:8:in `require'
	from /home/users/hejie03/projects/dawn-ror/bin/rails:8:in `<top (required)>'
	from /home/users/hejie03/.jumbo/lib/ruby/gems/2.2.0/gems/spring-1.6.4/lib/spring/client/rails.rb:28:in `load'
	from /home/users/hejie03/.jumbo/lib/ruby/gems/2.2.0/gems/spring-1.6.4/lib/spring/client/rails.rb:28:in `call'
	from /home/users/hejie03/.jumbo/lib/ruby/gems/2.2.0/gems/spring-1.6.4/lib/spring/client/command.rb:7:in `call'
	from /home/users/hejie03/.jumbo/lib/ruby/gems/2.2.0/gems/spring-1.6.4/lib/spring/client.rb:28:in `run'
	from /home/users/hejie03/.jumbo/lib/ruby/gems/2.2.0/gems/spring-1.6.4/bin/spring:49:in `<top (required)>'
	from /home/users/hejie03/.jumbo/lib/ruby/gems/2.2.0/gems/spring-1.6.4/lib/spring/binstub.rb:11:in `load'
	from /home/users/hejie03/.jumbo/lib/ruby/gems/2.2.0/gems/spring-1.6.4/lib/spring/binstub.rb:11:in `<top (required)>'
	from /home/users/hejie03/.jumbo/lib/ruby/2.2.0/rubygems/core_ext/kernel_require.rb:54:in `require'
	from /home/users/hejie03/.jumbo/lib/ruby/2.2.0/rubygems/core_ext/kernel_require.rb:54:in `require'
	from /home/users/hejie03/projects/dawn-ror/bin/spring:13:in `<top (required)>'
	from bin/rails:3:in `load'
	from bin/rails:3:in `<main>'
=== puma startup: 2016-05-26 15:02:56 +0800 ===
/home/users/hejie03/projects/dawn-ror/lib/tree.rb:222:in `initialize' : Using integer as node name. Semantics of TreeNode[] may not be what you expect! 0 tree root (StandardWarning)
/home/users/hejie03/projects/dawn-ror/lib/tree.rb:222:in `initialize' : Using integer as node name. Semantics of TreeNode[] may not be what you expect! 1 {"dataType"=>"String", "dataName"=>"", "dataValue"=>"", "dataQuantity"=>"1", "hasChild"=>false} (StandardWarning)
=== puma startup: 2016-05-27 15:30:49 +0800 ===
=== puma startup: 2016-05-27 15:39:36 +0800 ===
=== puma startup: 2016-05-27 18:04:00 +0800 ===
=== puma startup: 2016-05-27 18:05:41 +0800 ===
=== puma startup: 2016-05-27 18:07:29 +0800 ===
=== puma startup: 2016-05-27 18:17:32 +0800 ===
=== puma startup: 2016-05-27 18:22:55 +0800 ===
=== puma startup: 2016-05-27 19:04:16 +0800 ===
