=== puma startup: 2016-05-26 14:40:30 +0800 ===
[31154] * Starting control server on unix:///tmp/puma-status-1464244830989-31154
[31154] - Worker 1 (pid: 31267) booted, phase: 0
[31154] - Worker 0 (pid: 31263) booted, phase: 0
[31154] - Gracefully shutting down workers...
[31154] === puma shutdown: 2016-05-26 14:40:56 +0800 ===
[31154] - Goodbye!
Exiting
=== puma startup: 2016-05-26 14:52:32 +0800 ===
[30939] * Starting control server on unix:///tmp/puma-status-1464245552424-30939
[30939] - Worker 1 (pid: 30961) booted, phase: 0
[30939] - Worker 0 (pid: 30957) booted, phase: 0
[30939] - Gracefully shutting down workers...
[30939] === puma shutdown: 2016-05-26 14:55:09 +0800 ===
[30939] - Goodbye!
=== puma startup: 2016-05-26 14:55:15 +0800 ===
[5817] * Starting control server on unix:///tmp/puma-status-1464245715670-5817
[5817] - Worker 0 (pid: 5882) booted, phase: 0
[5817] - Worker 1 (pid: 5886) booted, phase: 0
[5817] - Gracefully shutting down workers...
[5817] === puma shutdown: 2016-05-26 15:02:53 +0800 ===
[5817] - Goodbye!
Exiting
=== puma startup: 2016-05-26 15:02:56 +0800 ===
[31106] * Starting control server on unix:///tmp/puma-status-1464246176673-31106
[31106] - Worker 1 (pid: 31123) booted, phase: 0
[31106] - Worker 0 (pid: 31119) booted, phase: 0
Started GET "/" for 127.0.0.1 at 2016-05-26 15:07:17 +0800
Processing by StaticPagesController#home as HTML
  [1m[36mUser Load (0.5ms)[0m  [1mSELECT  "users".* FROM "users" WHERE "users"."id" = $1 LIMIT 1[0m  [["id", 12]]
  [1m[35m (0.3ms)[0m  SELECT COUNT(*) FROM "microposts" WHERE "microposts"."user_id" = $1  [["user_id", 12]]
  Rendered shared/_user_info.html.erb (3.2ms)
  [1m[36m (0.6ms)[0m  [1mSELECT COUNT(*) FROM "users" INNER JOIN "relationships" ON "users"."id" = "relationships"."followed_id" WHERE "relationships"."follower_id" = $1[0m  [["follower_id", 12]]
  [1m[35m (0.3ms)[0m  SELECT COUNT(*) FROM "users" INNER JOIN "relationships" ON "users"."id" = "relationships"."follower_id" WHERE "relationships"."followed_id" = $1  [["followed_id", 12]]
  Rendered shared/_stats.html.erb (17.7ms)
  Rendered shared/_error_messages.html.erb (0.6ms)
  Rendered shared/_img_upload.html.erb (0.6ms)
  Rendered shared/_micropost_form.html.erb (4.5ms)
  [1m[36m (0.3ms)[0m  [1mSELECT COUNT(*) FROM "microposts" WHERE (user_id IN (SELECT followed_id FROM relationships
                     WHERE  follower_id = 12)
                     OR user_id = 12)[0m
  [1m[35mCACHE (0.0ms)[0m  SELECT COUNT(*) FROM "microposts" WHERE (user_id IN (SELECT followed_id FROM relationships
                     WHERE  follower_id = 12)
                     OR user_id = 12)
  [1m[36mMicropost Load (0.7ms)[0m  [1mSELECT  "microposts".* FROM "microposts" WHERE (user_id IN (SELECT followed_id FROM relationships
                     WHERE  follower_id = 12)
                     OR user_id = 12)  ORDER BY "microposts"."created_at" DESC LIMIT 30 OFFSET 0[0m
  [1m[35mUser Load (0.3ms)[0m  SELECT "users".* FROM "users" WHERE "users"."id" IN (12)
  Rendered microposts/_micropost.html.erb (530.4ms)
  Rendered shared/_feed.html.erb (541.1ms)
  Rendered static_pages/home.html.erb within layouts/application (571.0ms)
  Rendered layouts/_shim.html.erb (0.3ms)
  Rendered layouts/_header.html.erb (2.0ms)
  Rendered layouts/_footer.html.erb (0.3ms)
Completed 200 OK in 663ms (Views: 578.8ms | ActiveRecord: 9.1ms)
Started GET "/passport" for 127.0.0.1 at 2016-05-26 15:07:25 +0800
Processing by StaticPagesController#passport as HTML
  Rendered static_pages/passport.html.erb within layouts/blank (0.8ms)
Completed 200 OK in 18ms (Views: 6.5ms | ActiveRecord: 0.0ms)
Started GET "/dev" for 127.0.0.1 at 2016-05-26 15:07:33 +0800
Processing by StaticPagesController#dev as HTML
  [1m[36mUser Load (0.4ms)[0m  [1mSELECT  "users".* FROM "users" WHERE "users"."id" = $1 LIMIT 1[0m  [["id", 12]]
  Rendered static_pages/dev.html.erb within layouts/application (0.4ms)
  Rendered layouts/_shim.html.erb (0.3ms)
  Rendered layouts/_header.html.erb (2.6ms)
  Rendered layouts/_footer.html.erb (0.3ms)
Completed 200 OK in 36ms (Views: 8.7ms | ActiveRecord: 4.2ms)
Started GET "/apis?utf8=%E2%9C%93&format=json&authenticity_token=KK2aNiNozipXHVYhlZIqhv%2F4nOUMTfABHhd9liMUK1VCX%2FCl%2BIBKX5mkgjxSFKkrACzmheREt%2FDBRVt1EJHpNA%3D%3D" for 127.0.0.1 at 2016-05-26 15:07:33 +0800
Processing by ApisController#index as JSON
  Parameters: {"utf8"=>"✓", "authenticity_token"=>"KK2aNiNozipXHVYhlZIqhv/4nOUMTfABHhd9liMUK1VCX/Cl+IBKX5mkgjxSFKkrACzmheREt/DBRVt1EJHpNA==", "api"=>{}}
  [1m[35mUser Load (0.2ms)[0m  SELECT  "users".* FROM "users" WHERE "users"."id" = $1 LIMIT 1  [["id", 12]]
  [1m[36m (0.4ms)[0m  [1mSELECT COUNT(*) FROM "apis"[0m
  [1m[35mApi Load (0.7ms)[0m  SELECT  "apis".* FROM "apis"  ORDER BY created_at DESC LIMIT 30 OFFSET 0
Completed 200 OK in 22ms (Views: 17.6ms | ActiveRecord: 2.5ms)
Started GET "/" for 127.0.0.1 at 2016-05-26 15:07:35 +0800
Processing by StaticPagesController#home as HTML
  [1m[36mUser Load (0.3ms)[0m  [1mSELECT  "users".* FROM "users" WHERE "users"."id" = $1 LIMIT 1[0m  [["id", 12]]
  [1m[35m (0.2ms)[0m  SELECT COUNT(*) FROM "microposts" WHERE "microposts"."user_id" = $1  [["user_id", 12]]
  Rendered shared/_user_info.html.erb (2.0ms)
  [1m[36m (0.3ms)[0m  [1mSELECT COUNT(*) FROM "users" INNER JOIN "relationships" ON "users"."id" = "relationships"."followed_id" WHERE "relationships"."follower_id" = $1[0m  [["follower_id", 12]]
  [1m[35m (0.3ms)[0m  SELECT COUNT(*) FROM "users" INNER JOIN "relationships" ON "users"."id" = "relationships"."follower_id" WHERE "relationships"."followed_id" = $1  [["followed_id", 12]]
  Rendered shared/_stats.html.erb (3.6ms)
  Rendered shared/_error_messages.html.erb (0.1ms)
  Rendered shared/_img_upload.html.erb (0.2ms)
  Rendered shared/_micropost_form.html.erb (1.4ms)
  [1m[36m (0.3ms)[0m  [1mSELECT COUNT(*) FROM "microposts" WHERE (user_id IN (SELECT followed_id FROM relationships
                     WHERE  follower_id = 12)
                     OR user_id = 12)[0m
  [1m[35mCACHE (0.0ms)[0m  SELECT COUNT(*) FROM "microposts" WHERE (user_id IN (SELECT followed_id FROM relationships
                     WHERE  follower_id = 12)
                     OR user_id = 12)
  [1m[36mMicropost Load (0.4ms)[0m  [1mSELECT  "microposts".* FROM "microposts" WHERE (user_id IN (SELECT followed_id FROM relationships
                     WHERE  follower_id = 12)
                     OR user_id = 12)  ORDER BY "microposts"."created_at" DESC LIMIT 30 OFFSET 0[0m
  [1m[35mUser Load (0.2ms)[0m  SELECT "users".* FROM "users" WHERE "users"."id" IN (12)
  Rendered microposts/_micropost.html.erb (3.8ms)
  Rendered shared/_feed.html.erb (7.9ms)
  Rendered static_pages/home.html.erb within layouts/application (16.1ms)
  Rendered layouts/_shim.html.erb (0.0ms)
  Rendered layouts/_header.html.erb (1.0ms)
  Rendered layouts/_footer.html.erb (0.0ms)
Completed 200 OK in 23ms (Views: 17.1ms | ActiveRecord: 2.0ms)
Started GET "/dev" for 127.0.0.1 at 2016-05-26 15:07:50 +0800
Processing by StaticPagesController#dev as HTML
  [1m[36mUser Load (0.3ms)[0m  [1mSELECT  "users".* FROM "users" WHERE "users"."id" = $1 LIMIT 1[0m  [["id", 12]]
  Rendered static_pages/dev.html.erb within layouts/application (0.1ms)
  Rendered layouts/_shim.html.erb (0.0ms)
  Rendered layouts/_header.html.erb (1.1ms)
  Rendered layouts/_footer.html.erb (0.0ms)
Completed 200 OK in 5ms (Views: 3.0ms | ActiveRecord: 0.3ms)
Started GET "/apis?utf8=%E2%9C%93&format=json&authenticity_token=4uHwpTi44v8diyYcv2BB9rJGzvow537CQkPR9vKE8PmIE5o241BmitMy8gF45sJbTZK0mtjuOTOdEfcVwQEymA%3D%3D" for 127.0.0.1 at 2016-05-26 15:07:51 +0800
Processing by ApisController#index as JSON
  Parameters: {"utf8"=>"✓", "authenticity_token"=>"4uHwpTi44v8diyYcv2BB9rJGzvow537CQkPR9vKE8PmIE5o241BmitMy8gF45sJbTZK0mtjuOTOdEfcVwQEymA==", "api"=>{}}
  [1m[35mUser Load (0.3ms)[0m  SELECT  "users".* FROM "users" WHERE "users"."id" = $1 LIMIT 1  [["id", 12]]
  [1m[36m (0.2ms)[0m  [1mSELECT COUNT(*) FROM "apis"[0m
  [1m[35mApi Load (0.3ms)[0m  SELECT  "apis".* FROM "apis"  ORDER BY created_at DESC LIMIT 30 OFFSET 0
Completed 200 OK in 8ms (Views: 5.0ms | ActiveRecord: 0.8ms)
Started GET "/users/12/edit" for 127.0.0.1 at 2016-05-26 15:08:45 +0800
Processing by UsersController#edit as HTML
  Parameters: {"id"=>"12"}
  [1m[36mUser Load (0.3ms)[0m  [1mSELECT  "users".* FROM "users" WHERE "users"."id" = $1 LIMIT 1[0m  [["id", 12]]
  [1m[35mUser Load (0.2ms)[0m  SELECT  "users".* FROM "users" WHERE "users"."id" = $1 LIMIT 1  [["id", 12]]
  [1m[36mCACHE (0.0ms)[0m  [1mSELECT  "users".* FROM "users" WHERE "users"."id" = $1 LIMIT 1[0m  [["id", "12"]]
  Rendered shared/_img_upload.html.erb (0.6ms)
  Rendered users/_form.html.erb (4.4ms)
  Rendered users/edit.html.erb within layouts/application (5.6ms)
  Rendered layouts/_shim.html.erb (0.0ms)
  Rendered layouts/_header.html.erb (0.9ms)
  Rendered layouts/_footer.html.erb (0.0ms)
Completed 200 OK in 16ms (Views: 12.2ms | ActiveRecord: 0.5ms)
Started GET "/users/12" for 127.0.0.1 at 2016-05-26 15:08:47 +0800
Processing by UsersController#show as HTML
  Parameters: {"id"=>"12"}
  [1m[35mUser Load (0.2ms)[0m  SELECT  "users".* FROM "users" WHERE "users"."id" = $1 LIMIT 1  [["id", 12]]
  [1m[36m (0.3ms)[0m  [1mSELECT COUNT(*) FROM "microposts" WHERE "microposts"."user_id" = $1[0m  [["user_id", 12]]
  [1m[35m (0.5ms)[0m  SELECT COUNT(*) FROM "users" INNER JOIN "relationships" ON "users"."id" = "relationships"."followed_id" WHERE "relationships"."follower_id" = $1  [["follower_id", 12]]
  [1m[36m (0.3ms)[0m  [1mSELECT COUNT(*) FROM "users" INNER JOIN "relationships" ON "users"."id" = "relationships"."follower_id" WHERE "relationships"."followed_id" = $1[0m  [["followed_id", 12]]
  Rendered shared/_stats.html.erb (17.8ms)
  [1m[35mUser Load (0.2ms)[0m  SELECT  "users".* FROM "users" WHERE "users"."id" = $1 LIMIT 1  [["id", 12]]
  Rendered users/_follow_form.html.erb (0.6ms)
  [1m[36mMicropost Exists (0.2ms)[0m  [1mSELECT  1 AS one FROM "microposts" WHERE "microposts"."user_id" = $1 LIMIT 1[0m  [["user_id", 12]]
  [1m[35mMicropost Load (0.3ms)[0m  SELECT  "microposts".* FROM "microposts" WHERE "microposts"."user_id" = $1  ORDER BY "microposts"."created_at" DESC LIMIT 30 OFFSET 0  [["user_id", 12]]
  Rendered microposts/_micropost.html.erb (540.1ms)
  Rendered users/show.html.erb within layouts/application (578.2ms)
  Rendered layouts/_shim.html.erb (0.0ms)
  Rendered layouts/_header.html.erb (1.1ms)
  Rendered layouts/_footer.html.erb (0.0ms)
Completed 200 OK in 598ms (Views: 578.9ms | ActiveRecord: 4.0ms)
Started GET "/users" for 127.0.0.1 at 2016-05-26 15:08:49 +0800
Processing by UsersController#index as HTML
  [1m[36mUser Load (0.2ms)[0m  [1mSELECT  "users".* FROM "users" WHERE "users"."id" = $1 LIMIT 1[0m  [["id", 12]]
  [1m[35m (0.3ms)[0m  SELECT COUNT(*) FROM "users"
  [1m[36mUser Load (0.3ms)[0m  [1mSELECT  "users".* FROM "users" LIMIT 30 OFFSET 0[0m
  [1m[35mUser Exists (0.3ms)[0m  SELECT  1 AS one FROM "users" INNER JOIN "relationships" ON "users"."id" = "relationships"."followed_id" WHERE "relationships"."follower_id" = $1 AND "users"."id" = $2 LIMIT 1  [["follower_id", 12], ["id", 16]]
  [1m[36mRelationship Load (0.2ms)[0m  [1mSELECT  "relationships".* FROM "relationships" WHERE "relationships"."follower_id" = $1 AND "relationships"."followed_id" = $2 LIMIT 1[0m  [["follower_id", 12], ["followed_id", 16]]
  Rendered users/_unfollow.html.erb (9.2ms)
  Rendered users/_follow_form.html.erb (15.3ms)
  Rendered users/_follow_form.html.erb (0.1ms)
  [1m[35mUser Exists (0.3ms)[0m  SELECT  1 AS one FROM "users" INNER JOIN "relationships" ON "users"."id" = "relationships"."followed_id" WHERE "relationships"."follower_id" = $1 AND "users"."id" = $2 LIMIT 1  [["follower_id", 12], ["id", 15]]
  [1m[36mRelationship Load (0.2ms)[0m  [1mSELECT  "relationships".* FROM "relationships" WHERE "relationships"."follower_id" = $1 AND "relationships"."followed_id" = $2 LIMIT 1[0m  [["follower_id", 12], ["followed_id", 15]]
  Rendered users/_unfollow.html.erb (1.6ms)
  Rendered users/_follow_form.html.erb (3.6ms)
  Rendered users/_user.html.erb (23.5ms)
  Rendered users/index.html.erb within layouts/application (27.7ms)
  Rendered layouts/_shim.html.erb (0.1ms)
  Rendered layouts/_header.html.erb (1.2ms)
  Rendered layouts/_footer.html.erb (0.0ms)
Completed 200 OK in 34ms (Views: 30.1ms | ActiveRecord: 2.3ms)
Started GET "/" for 127.0.0.1 at 2016-05-26 15:08:51 +0800
Processing by StaticPagesController#home as HTML
  [1m[36mUser Load (0.3ms)[0m  [1mSELECT  "users".* FROM "users" WHERE "users"."id" = $1 LIMIT 1[0m  [["id", 12]]
  [1m[35m (0.2ms)[0m  SELECT COUNT(*) FROM "microposts" WHERE "microposts"."user_id" = $1  [["user_id", 12]]
  Rendered shared/_user_info.html.erb (1.4ms)
  [1m[36m (0.3ms)[0m  [1mSELECT COUNT(*) FROM "users" INNER JOIN "relationships" ON "users"."id" = "relationships"."followed_id" WHERE "relationships"."follower_id" = $1[0m  [["follower_id", 12]]
  [1m[35m (0.3ms)[0m  SELECT COUNT(*) FROM "users" INNER JOIN "relationships" ON "users"."id" = "relationships"."follower_id" WHERE "relationships"."followed_id" = $1  [["followed_id", 12]]
  Rendered shared/_stats.html.erb (3.4ms)
  Rendered shared/_error_messages.html.erb (0.0ms)
  Rendered shared/_img_upload.html.erb (0.2ms)
  Rendered shared/_micropost_form.html.erb (1.2ms)
  [1m[36m (0.3ms)[0m  [1mSELECT COUNT(*) FROM "microposts" WHERE (user_id IN (SELECT followed_id FROM relationships
                     WHERE  follower_id = 12)
                     OR user_id = 12)[0m
  [1m[35mCACHE (0.0ms)[0m  SELECT COUNT(*) FROM "microposts" WHERE (user_id IN (SELECT followed_id FROM relationships
                     WHERE  follower_id = 12)
                     OR user_id = 12)
  [1m[36mMicropost Load (0.4ms)[0m  [1mSELECT  "microposts".* FROM "microposts" WHERE (user_id IN (SELECT followed_id FROM relationships
                     WHERE  follower_id = 12)
                     OR user_id = 12)  ORDER BY "microposts"."created_at" DESC LIMIT 30 OFFSET 0[0m
  [1m[35mUser Load (0.2ms)[0m  SELECT "users".* FROM "users" WHERE "users"."id" IN (12)
  Rendered microposts/_micropost.html.erb (4.0ms)
  Rendered shared/_feed.html.erb (8.1ms)
  Rendered static_pages/home.html.erb within layouts/application (15.1ms)
  Rendered layouts/_shim.html.erb (0.0ms)
  Rendered layouts/_header.html.erb (1.0ms)
  Rendered layouts/_footer.html.erb (0.0ms)
Completed 200 OK in 22ms (Views: 16.0ms | ActiveRecord: 2.0ms)
Started GET "/dev" for 127.0.0.1 at 2016-05-26 15:08:52 +0800
Processing by StaticPagesController#dev as HTML
  [1m[36mUser Load (0.3ms)[0m  [1mSELECT  "users".* FROM "users" WHERE "users"."id" = $1 LIMIT 1[0m  [["id", 12]]
  Rendered static_pages/dev.html.erb within layouts/application (0.5ms)
  Rendered layouts/_shim.html.erb (0.0ms)
  Rendered layouts/_header.html.erb (1.2ms)
  Rendered layouts/_footer.html.erb (0.0ms)
Completed 200 OK in 6ms (Views: 4.1ms | ActiveRecord: 0.3ms)
Started GET "/apis?utf8=%E2%9C%93&format=json&authenticity_token=rX2th8hJZVaeYzXTd1mnwbhqxxIRCHGcXDGuaPiqu7nHj8cUE6HhI1Da4c6w3yRsR769cvkBNm2DY4iLyy952A%3D%3D" for 127.0.0.1 at 2016-05-26 15:08:52 +0800
Processing by ApisController#index as JSON
  Parameters: {"utf8"=>"✓", "authenticity_token"=>"rX2th8hJZVaeYzXTd1mnwbhqxxIRCHGcXDGuaPiqu7nHj8cUE6HhI1Da4c6w3yRsR769cvkBNm2DY4iLyy952A==", "api"=>{}}
  [1m[35mUser Load (0.2ms)[0m  SELECT  "users".* FROM "users" WHERE "users"."id" = $1 LIMIT 1  [["id", 12]]
  [1m[36m (0.3ms)[0m  [1mSELECT COUNT(*) FROM "apis"[0m
  [1m[35mApi Load (0.3ms)[0m  SELECT  "apis".* FROM "apis"  ORDER BY created_at DESC LIMIT 30 OFFSET 0
Completed 200 OK in 13ms (Views: 9.1ms | ActiveRecord: 0.8ms)
Started GET "/email_whitelists" for 127.0.0.1 at 2016-05-26 15:08:54 +0800
Processing by EmailWhitelistsController#index as HTML
  [1m[36mUser Load (0.2ms)[0m  [1mSELECT  "users".* FROM "users" WHERE "users"."id" = $1 LIMIT 1[0m  [["id", 12]]
  [1m[35m (0.3ms)[0m  SELECT COUNT(*) FROM "email_whitelists"
  [1m[36mEmailWhitelist Load (0.2ms)[0m  [1mSELECT "email_whitelists".* FROM "email_whitelists"[0m
  Rendered email_whitelists/index.html.erb within layouts/application (16.1ms)
  Rendered layouts/_shim.html.erb (0.0ms)
  Rendered layouts/_header.html.erb (1.9ms)
  Rendered layouts/_footer.html.erb (0.0ms)
Completed 200 OK in 28ms (Views: 23.2ms | ActiveRecord: 2.0ms)
Started GET "/help" for 127.0.0.1 at 2016-05-26 15:08:55 +0800
Processing by StaticPagesController#help as HTML
  Rendered static_pages/help.html.erb within layouts/application (0.6ms)
  Rendered layouts/_shim.html.erb (0.0ms)
  [1m[35mUser Load (0.2ms)[0m  SELECT  "users".* FROM "users" WHERE "users"."id" = $1 LIMIT 1  [["id", 12]]
  Rendered layouts/_header.html.erb (2.9ms)
  Rendered layouts/_footer.html.erb (0.0ms)
Completed 200 OK in 8ms (Views: 6.7ms | ActiveRecord: 0.2ms)
Started GET "/" for 127.0.0.1 at 2016-05-26 15:08:57 +0800
Processing by StaticPagesController#home as HTML
  [1m[35mUser Load (0.3ms)[0m  SELECT  "users".* FROM "users" WHERE "users"."id" = $1 LIMIT 1  [["id", 12]]
  [1m[36m (0.2ms)[0m  [1mSELECT COUNT(*) FROM "microposts" WHERE "microposts"."user_id" = $1[0m  [["user_id", 12]]
  Rendered shared/_user_info.html.erb (1.4ms)
  [1m[35m (0.3ms)[0m  SELECT COUNT(*) FROM "users" INNER JOIN "relationships" ON "users"."id" = "relationships"."followed_id" WHERE "relationships"."follower_id" = $1  [["follower_id", 12]]
  [1m[36m (0.3ms)[0m  [1mSELECT COUNT(*) FROM "users" INNER JOIN "relationships" ON "users"."id" = "relationships"."follower_id" WHERE "relationships"."followed_id" = $1[0m  [["followed_id", 12]]
  Rendered shared/_stats.html.erb (4.0ms)
  Rendered shared/_error_messages.html.erb (0.0ms)
  Rendered shared/_img_upload.html.erb (0.2ms)
  Rendered shared/_micropost_form.html.erb (1.3ms)
  [1m[35m (0.4ms)[0m  SELECT COUNT(*) FROM "microposts" WHERE (user_id IN (SELECT followed_id FROM relationships
                     WHERE  follower_id = 12)
                     OR user_id = 12)
  [1m[36mCACHE (0.0ms)[0m  [1mSELECT COUNT(*) FROM "microposts" WHERE (user_id IN (SELECT followed_id FROM relationships
                     WHERE  follower_id = 12)
                     OR user_id = 12)[0m
  [1m[35mMicropost Load (0.3ms)[0m  SELECT  "microposts".* FROM "microposts" WHERE (user_id IN (SELECT followed_id FROM relationships
                     WHERE  follower_id = 12)
                     OR user_id = 12)  ORDER BY "microposts"."created_at" DESC LIMIT 30 OFFSET 0
  [1m[36mUser Load (0.2ms)[0m  [1mSELECT "users".* FROM "users" WHERE "users"."id" IN (12)[0m
  Rendered microposts/_micropost.html.erb (3.8ms)
  Rendered shared/_feed.html.erb (7.8ms)
  Rendered static_pages/home.html.erb within layouts/application (15.5ms)
  Rendered layouts/_shim.html.erb (0.1ms)
  Rendered layouts/_header.html.erb (0.9ms)
  Rendered layouts/_footer.html.erb (0.0ms)
Completed 200 OK in 22ms (Views: 16.3ms | ActiveRecord: 2.0ms)
Started GET "/passport" for 127.0.0.1 at 2016-05-26 15:08:58 +0800
Processing by StaticPagesController#passport as HTML
  Rendered static_pages/passport.html.erb within layouts/blank (0.1ms)
Completed 200 OK in 4ms (Views: 0.9ms | ActiveRecord: 0.0ms)
Started GET "/dev" for 127.0.0.1 at 2016-05-26 15:13:40 +0800
Processing by StaticPagesController#dev as HTML
  [1m[35mUser Load (0.3ms)[0m  SELECT  "users".* FROM "users" WHERE "users"."id" = $1 LIMIT 1  [["id", 12]]
  Rendered static_pages/dev.html.erb within layouts/application (0.1ms)
  Rendered layouts/_shim.html.erb (0.0ms)
  Rendered layouts/_header.html.erb (1.1ms)
  Rendered layouts/_footer.html.erb (0.0ms)
Completed 200 OK in 5ms (Views: 2.8ms | ActiveRecord: 0.3ms)
Started GET "/apis?utf8=%E2%9C%93&format=json&authenticity_token=4PUaL8KNdzdyc%2BDLwarqSElKHySif1Q394XE9nKUkCyKB3C8GWXzQrzKNNYGLGnltp5lREp2E8Yo1%2BIVQRFSTQ%3D%3D" for 127.0.0.1 at 2016-05-26 15:13:41 +0800
Processing by ApisController#index as JSON
  Parameters: {"utf8"=>"✓", "authenticity_token"=>"4PUaL8KNdzdyc+DLwarqSElKHySif1Q394XE9nKUkCyKB3C8GWXzQrzKNNYGLGnltp5lREp2E8Yo1+IVQRFSTQ==", "api"=>{}}
  [1m[36mUser Load (0.2ms)[0m  [1mSELECT  "users".* FROM "users" WHERE "users"."id" = $1 LIMIT 1[0m  [["id", 12]]
  [1m[35m (0.3ms)[0m  SELECT COUNT(*) FROM "apis"
  [1m[36mApi Load (0.4ms)[0m  [1mSELECT  "apis".* FROM "apis"  ORDER BY created_at DESC LIMIT 30 OFFSET 0[0m
Completed 200 OK in 13ms (Views: 8.8ms | ActiveRecord: 0.8ms)
Started GET "/email_whitelists" for 127.0.0.1 at 2016-05-26 15:13:51 +0800
Processing by EmailWhitelistsController#index as HTML
  [1m[36mUser Load (0.2ms)[0m  [1mSELECT  "users".* FROM "users" WHERE "users"."id" = $1 LIMIT 1[0m  [["id", 12]]
  [1m[35m (0.3ms)[0m  SELECT COUNT(*) FROM "email_whitelists"
  [1m[36mEmailWhitelist Load (0.2ms)[0m  [1mSELECT "email_whitelists".* FROM "email_whitelists"[0m
  Rendered email_whitelists/index.html.erb within layouts/application (11.0ms)
  Rendered layouts/_shim.html.erb (0.0ms)
  Rendered layouts/_header.html.erb (0.9ms)
  Rendered layouts/_footer.html.erb (0.0ms)
Completed 200 OK in 20ms (Views: 16.0ms | ActiveRecord: 2.0ms)
Started GET "/email_whitelists" for 127.0.0.1 at 2016-05-26 15:14:34 +0800
Processing by EmailWhitelistsController#index as HTML
  [1m[35mUser Load (0.2ms)[0m  SELECT  "users".* FROM "users" WHERE "users"."id" = $1 LIMIT 1  [["id", 12]]
  [1m[36m (0.2ms)[0m  [1mSELECT COUNT(*) FROM "email_whitelists"[0m
  [1m[35mEmailWhitelist Load (0.2ms)[0m  SELECT "email_whitelists".* FROM "email_whitelists"
  Rendered email_whitelists/index.html.erb within layouts/application (7.5ms)
  Rendered layouts/_shim.html.erb (0.0ms)
  Rendered layouts/_header.html.erb (1.5ms)
  Rendered layouts/_footer.html.erb (0.0ms)
Completed 200 OK in 14ms (Views: 10.9ms | ActiveRecord: 0.6ms)
Started GET "/dev" for 127.0.0.1 at 2016-05-26 15:14:35 +0800
Processing by StaticPagesController#dev as HTML
  [1m[35mUser Load (0.2ms)[0m  SELECT  "users".* FROM "users" WHERE "users"."id" = $1 LIMIT 1  [["id", 12]]
  Rendered static_pages/dev.html.erb within layouts/application (0.1ms)
  Rendered layouts/_shim.html.erb (0.0ms)
  Rendered layouts/_header.html.erb (1.2ms)
  Rendered layouts/_footer.html.erb (0.0ms)
Completed 200 OK in 6ms (Views: 3.1ms | ActiveRecord: 0.2ms)
Started GET "/apis?utf8=%E2%9C%93&format=json&authenticity_token=PuN%2FcLyvH1L7sFGXOlHn9iKrPm95zgfnsA84rc9V0NtUERXjZ0ebJzUJhYr912Rb3X9ED5HHQBZvXR5O%2FNASug%3D%3D" for 127.0.0.1 at 2016-05-26 15:14:35 +0800
Processing by ApisController#index as JSON
  Parameters: {"utf8"=>"✓", "authenticity_token"=>"PuN/cLyvH1L7sFGXOlHn9iKrPm95zgfnsA84rc9V0NtUERXjZ0ebJzUJhYr912Rb3X9ED5HHQBZvXR5O/NASug==", "api"=>{}}
  [1m[36mUser Load (0.2ms)[0m  [1mSELECT  "users".* FROM "users" WHERE "users"."id" = $1 LIMIT 1[0m  [["id", 12]]
  [1m[35m (0.3ms)[0m  SELECT COUNT(*) FROM "apis"
  [1m[36mApi Load (0.3ms)[0m  [1mSELECT  "apis".* FROM "apis"  ORDER BY created_at DESC LIMIT 30 OFFSET 0[0m
Completed 200 OK in 12ms (Views: 7.8ms | ActiveRecord: 0.8ms)
Started GET "/index.html" for 127.0.0.1 at 2016-05-26 15:21:41 +0800

ActionController::RoutingError (No route matches [GET] "/index.html"):
  actionpack (4.2.6) lib/action_dispatch/middleware/debug_exceptions.rb:21:in `call'
  actionpack (4.2.6) lib/action_dispatch/middleware/show_exceptions.rb:30:in `call'
  railties (4.2.6) lib/rails/rack/logger.rb:38:in `call_app'
  railties (4.2.6) lib/rails/rack/logger.rb:20:in `block in call'
  activesupport (4.2.6) lib/active_support/tagged_logging.rb:68:in `block in tagged'
  activesupport (4.2.6) lib/active_support/tagged_logging.rb:26:in `tagged'
  activesupport (4.2.6) lib/active_support/tagged_logging.rb:68:in `tagged'
  railties (4.2.6) lib/rails/rack/logger.rb:20:in `call'
  actionpack (4.2.6) lib/action_dispatch/middleware/request_id.rb:21:in `call'
  rack (1.6.4) lib/rack/methodoverride.rb:22:in `call'
  rack (1.6.4) lib/rack/runtime.rb:18:in `call'
  activesupport (4.2.6) lib/active_support/cache/strategy/local_cache_middleware.rb:28:in `call'
  actionpack (4.2.6) lib/action_dispatch/middleware/static.rb:120:in `call'
  rack (1.6.4) lib/rack/sendfile.rb:113:in `call'
  railties (4.2.6) lib/rails/engine.rb:518:in `call'
  railties (4.2.6) lib/rails/application.rb:165:in `call'
  puma (3.4.0) lib/puma/configuration.rb:224:in `call'
  puma (3.4.0) lib/puma/server.rb:569:in `handle_request'
  puma (3.4.0) lib/puma/server.rb:406:in `process_client'
  puma (3.4.0) lib/puma/server.rb:271:in `block in run'
  puma (3.4.0) lib/puma/thread_pool.rb:114:in `call'
  puma (3.4.0) lib/puma/thread_pool.rb:114:in `block in spawn_thread'


Started GET "/" for 127.0.0.1 at 2016-05-26 15:37:01 +0800
Processing by StaticPagesController#home as HTML
  [1m[35mUser Load (0.2ms)[0m  SELECT  "users".* FROM "users" WHERE "users"."id" = $1 LIMIT 1  [["id", 12]]
  [1m[36m (0.2ms)[0m  [1mSELECT COUNT(*) FROM "microposts" WHERE "microposts"."user_id" = $1[0m  [["user_id", 12]]
  Rendered shared/_user_info.html.erb (2.6ms)
  [1m[35m (0.4ms)[0m  SELECT COUNT(*) FROM "users" INNER JOIN "relationships" ON "users"."id" = "relationships"."followed_id" WHERE "relationships"."follower_id" = $1  [["follower_id", 12]]
  [1m[36m (0.3ms)[0m  [1mSELECT COUNT(*) FROM "users" INNER JOIN "relationships" ON "users"."id" = "relationships"."follower_id" WHERE "relationships"."followed_id" = $1[0m  [["followed_id", 12]]
  Rendered shared/_stats.html.erb (4.2ms)
  Rendered shared/_error_messages.html.erb (1.0ms)
  Rendered shared/_img_upload.html.erb (0.2ms)
  Rendered shared/_micropost_form.html.erb (3.8ms)
  [1m[35m (0.4ms)[0m  SELECT COUNT(*) FROM "microposts" WHERE (user_id IN (SELECT followed_id FROM relationships
                     WHERE  follower_id = 12)
                     OR user_id = 12)
  [1m[36mCACHE (0.0ms)[0m  [1mSELECT COUNT(*) FROM "microposts" WHERE (user_id IN (SELECT followed_id FROM relationships
                     WHERE  follower_id = 12)
                     OR user_id = 12)[0m
  [1m[35mMicropost Load (0.4ms)[0m  SELECT  "microposts".* FROM "microposts" WHERE (user_id IN (SELECT followed_id FROM relationships
                     WHERE  follower_id = 12)
                     OR user_id = 12)  ORDER BY "microposts"."created_at" DESC LIMIT 30 OFFSET 0
  [1m[36mUser Load (0.3ms)[0m  [1mSELECT "users".* FROM "users" WHERE "users"."id" IN (12)[0m
  Rendered microposts/_micropost.html.erb (4.4ms)
  Rendered shared/_feed.html.erb (16.5ms)
  Rendered static_pages/home.html.erb within layouts/application (31.0ms)
  Rendered layouts/_shim.html.erb (0.0ms)
  Rendered layouts/_header.html.erb (1.3ms)
  Rendered layouts/_footer.html.erb (0.0ms)
Completed 200 OK in 39ms (Views: 32.6ms | ActiveRecord: 2.1ms)
Started GET "/" for 127.0.0.1 at 2016-05-26 15:37:02 +0800
Processing by StaticPagesController#home as HTML
  [1m[35mUser Load (0.2ms)[0m  SELECT  "users".* FROM "users" WHERE "users"."id" = $1 LIMIT 1  [["id", 12]]
  [1m[36m (0.2ms)[0m  [1mSELECT COUNT(*) FROM "microposts" WHERE "microposts"."user_id" = $1[0m  [["user_id", 12]]
  Rendered shared/_user_info.html.erb (2.1ms)
  [1m[35m (0.3ms)[0m  SELECT COUNT(*) FROM "users" INNER JOIN "relationships" ON "users"."id" = "relationships"."followed_id" WHERE "relationships"."follower_id" = $1  [["follower_id", 12]]
  [1m[36m (0.3ms)[0m  [1mSELECT COUNT(*) FROM "users" INNER JOIN "relationships" ON "users"."id" = "relationships"."follower_id" WHERE "relationships"."followed_id" = $1[0m  [["followed_id", 12]]
  Rendered shared/_stats.html.erb (4.2ms)
  Rendered shared/_error_messages.html.erb (0.0ms)
  Rendered shared/_img_upload.html.erb (0.2ms)
  Rendered shared/_micropost_form.html.erb (1.4ms)
  [1m[35m (0.3ms)[0m  SELECT COUNT(*) FROM "microposts" WHERE (user_id IN (SELECT followed_id FROM relationships
                     WHERE  follower_id = 12)
                     OR user_id = 12)
  [1m[36mCACHE (0.0ms)[0m  [1mSELECT COUNT(*) FROM "microposts" WHERE (user_id IN (SELECT followed_id FROM relationships
                     WHERE  follower_id = 12)
                     OR user_id = 12)[0m
  [1m[35mMicropost Load (0.3ms)[0m  SELECT  "microposts".* FROM "microposts" WHERE (user_id IN (SELECT followed_id FROM relationships
                     WHERE  follower_id = 12)
                     OR user_id = 12)  ORDER BY "microposts"."created_at" DESC LIMIT 30 OFFSET 0
  [1m[36mUser Load (0.2ms)[0m  [1mSELECT "users".* FROM "users" WHERE "users"."id" IN (12)[0m
  Rendered microposts/_micropost.html.erb (3.6ms)
  Rendered shared/_feed.html.erb (7.7ms)
  Rendered static_pages/home.html.erb within layouts/application (16.5ms)
  Rendered layouts/_shim.html.erb (0.0ms)
  Rendered layouts/_header.html.erb (1.0ms)
  Rendered layouts/_footer.html.erb (0.0ms)
Completed 200 OK in 24ms (Views: 17.4ms | ActiveRecord: 1.9ms)
Started GET "/dev" for 127.0.0.1 at 2016-05-26 15:37:08 +0800
Processing by StaticPagesController#dev as HTML
  [1m[36mUser Load (0.2ms)[0m  [1mSELECT  "users".* FROM "users" WHERE "users"."id" = $1 LIMIT 1[0m  [["id", 12]]
  Rendered static_pages/dev.html.erb within layouts/application (0.1ms)
  Rendered layouts/_shim.html.erb (0.0ms)
  Rendered layouts/_header.html.erb (1.0ms)
  Rendered layouts/_footer.html.erb (0.0ms)
Completed 200 OK in 5ms (Views: 2.9ms | ActiveRecord: 0.2ms)
Started GET "/apis?utf8=%E2%9C%93&format=json&authenticity_token=NNu04mCzTwxfgS%2BthXcBxEgmPqwoMdE5yFQAU5SWcUteKd5xu1vLeZE4%2B7BC8YJpt%2FJEzMA4lsgXBiawpxOzKg%3D%3D" for 127.0.0.1 at 2016-05-26 15:37:09 +0800
Processing by ApisController#index as JSON
  Parameters: {"utf8"=>"✓", "authenticity_token"=>"NNu04mCzTwxfgS+thXcBxEgmPqwoMdE5yFQAU5SWcUteKd5xu1vLeZE4+7BC8YJpt/JEzMA4lsgXBiawpxOzKg==", "api"=>{}}
  [1m[35mUser Load (0.2ms)[0m  SELECT  "users".* FROM "users" WHERE "users"."id" = $1 LIMIT 1  [["id", 12]]
  [1m[36m (0.2ms)[0m  [1mSELECT COUNT(*) FROM "apis"[0m
  [1m[35mApi Load (0.3ms)[0m  SELECT  "apis".* FROM "apis"  ORDER BY created_at DESC LIMIT 30 OFFSET 0
Completed 200 OK in 9ms (Views: 5.5ms | ActiveRecord: 0.8ms)
Started GET "/email_whitelists" for 127.0.0.1 at 2016-05-26 15:37:10 +0800
Processing by EmailWhitelistsController#index as HTML
  [1m[35mUser Load (0.2ms)[0m  SELECT  "users".* FROM "users" WHERE "users"."id" = $1 LIMIT 1  [["id", 12]]
  [1m[36m (0.3ms)[0m  [1mSELECT COUNT(*) FROM "email_whitelists"[0m
  [1m[35mEmailWhitelist Load (0.2ms)[0m  SELECT "email_whitelists".* FROM "email_whitelists"
  Rendered email_whitelists/index.html.erb within layouts/application (5.3ms)
  Rendered layouts/_shim.html.erb (0.0ms)
  Rendered layouts/_header.html.erb (1.1ms)
  Rendered layouts/_footer.html.erb (0.0ms)
Completed 200 OK in 10ms (Views: 7.8ms | ActiveRecord: 0.6ms)
Started GET "/users/12/edit" for 127.0.0.1 at 2016-05-26 15:37:13 +0800
Processing by UsersController#edit as HTML
  Parameters: {"id"=>"12"}
  [1m[36mUser Load (0.2ms)[0m  [1mSELECT  "users".* FROM "users" WHERE "users"."id" = $1 LIMIT 1[0m  [["id", 12]]
  [1m[35mUser Load (0.1ms)[0m  SELECT  "users".* FROM "users" WHERE "users"."id" = $1 LIMIT 1  [["id", 12]]
  [1m[36mCACHE (0.0ms)[0m  [1mSELECT  "users".* FROM "users" WHERE "users"."id" = $1 LIMIT 1[0m  [["id", "12"]]
  Rendered shared/_img_upload.html.erb (0.2ms)
  Rendered users/_form.html.erb (3.6ms)
  Rendered users/edit.html.erb within layouts/application (4.8ms)
  Rendered layouts/_shim.html.erb (0.0ms)
  Rendered layouts/_header.html.erb (1.1ms)
  Rendered layouts/_footer.html.erb (0.0ms)
Completed 200 OK in 15ms (Views: 11.8ms | ActiveRecord: 0.3ms)
Started GET "/users/12" for 127.0.0.1 at 2016-05-26 15:37:15 +0800
Processing by UsersController#show as HTML
  Parameters: {"id"=>"12"}
  [1m[36mUser Load (0.2ms)[0m  [1mSELECT  "users".* FROM "users" WHERE "users"."id" = $1 LIMIT 1[0m  [["id", 12]]
  [1m[35m (0.2ms)[0m  SELECT COUNT(*) FROM "microposts" WHERE "microposts"."user_id" = $1  [["user_id", 12]]
  [1m[36m (0.3ms)[0m  [1mSELECT COUNT(*) FROM "users" INNER JOIN "relationships" ON "users"."id" = "relationships"."followed_id" WHERE "relationships"."follower_id" = $1[0m  [["follower_id", 12]]
  [1m[35m (0.4ms)[0m  SELECT COUNT(*) FROM "users" INNER JOIN "relationships" ON "users"."id" = "relationships"."follower_id" WHERE "relationships"."followed_id" = $1  [["followed_id", 12]]
  Rendered shared/_stats.html.erb (3.8ms)
  [1m[36mUser Load (0.1ms)[0m  [1mSELECT  "users".* FROM "users" WHERE "users"."id" = $1 LIMIT 1[0m  [["id", 12]]
  Rendered users/_follow_form.html.erb (0.1ms)
  [1m[35mMicropost Exists (0.1ms)[0m  SELECT  1 AS one FROM "microposts" WHERE "microposts"."user_id" = $1 LIMIT 1  [["user_id", 12]]
  [1m[36mMicropost Load (0.2ms)[0m  [1mSELECT  "microposts".* FROM "microposts" WHERE "microposts"."user_id" = $1  ORDER BY "microposts"."created_at" DESC LIMIT 30 OFFSET 0[0m  [["user_id", 12]]
  Rendered microposts/_micropost.html.erb (3.8ms)
  Rendered users/show.html.erb within layouts/application (12.4ms)
  Rendered layouts/_shim.html.erb (0.0ms)
  Rendered layouts/_header.html.erb (1.0ms)
  Rendered layouts/_footer.html.erb (0.0ms)
Completed 200 OK in 19ms (Views: 14.0ms | ActiveRecord: 1.5ms)
Started GET "/dev" for 127.0.0.1 at 2016-05-26 15:37:17 +0800
Processing by StaticPagesController#dev as HTML
  [1m[35mUser Load (0.2ms)[0m  SELECT  "users".* FROM "users" WHERE "users"."id" = $1 LIMIT 1  [["id", 12]]
  Rendered static_pages/dev.html.erb within layouts/application (0.1ms)
  Rendered layouts/_shim.html.erb (0.0ms)
  Rendered layouts/_header.html.erb (1.0ms)
  Rendered layouts/_footer.html.erb (0.0ms)
Completed 200 OK in 5ms (Views: 3.0ms | ActiveRecord: 0.2ms)
Started GET "/apis?utf8=%E2%9C%93&format=json&authenticity_token=4oJ1fHzO5HxK8X1qkXnUbwlNIAgLfn2xoae7xIHGwhaIcB%2FvpyZgCYRIqXdW%2F1fC9plaaON3OkB%2B9Z0nskMAdw%3D%3D" for 127.0.0.1 at 2016-05-26 15:37:18 +0800
Processing by ApisController#index as JSON
  Parameters: {"utf8"=>"✓", "authenticity_token"=>"4oJ1fHzO5HxK8X1qkXnUbwlNIAgLfn2xoae7xIHGwhaIcB/vpyZgCYRIqXdW/1fC9plaaON3OkB+9Z0nskMAdw==", "api"=>{}}
  [1m[35mUser Load (0.2ms)[0m  SELECT  "users".* FROM "users" WHERE "users"."id" = $1 LIMIT 1  [["id", 12]]
  [1m[36m (0.2ms)[0m  [1mSELECT COUNT(*) FROM "apis"[0m
  [1m[35mApi Load (0.3ms)[0m  SELECT  "apis".* FROM "apis"  ORDER BY created_at DESC LIMIT 30 OFFSET 0
Completed 200 OK in 10ms (Views: 6.8ms | ActiveRecord: 0.8ms)
Started GET "/instantsearch?q=wi&utf8=%E2%9C%93&format=json&authenticity_token=4oJ1fHzO5HxK8X1qkXnUbwlNIAgLfn2xoae7xIHGwhaIcB%2FvpyZgCYRIqXdW%2F1fC9plaaON3OkB%2B9Z0nskMAdw%3D%3D" for 127.0.0.1 at 2016-05-26 15:37:21 +0800
Processing by ApisController#query as JSON
  Parameters: {"q"=>"wi", "utf8"=>"✓", "authenticity_token"=>"4oJ1fHzO5HxK8X1qkXnUbwlNIAgLfn2xoae7xIHGwhaIcB/vpyZgCYRIqXdW/1fC9plaaON3OkB+9Z0nskMAdw==", "api"=>{}}
  [1m[36mApi Load (0.7ms)[0m  [1mSELECT "apis".* FROM "apis" WHERE (uri like '%wi%' OR method like '%wi%' OR section like '%wi%' OR description like '%wi%')[0m
Completed 200 OK in 20ms (Views: 16.7ms | ActiveRecord: 2.7ms)
Started GET "/instantsearch?q=w&utf8=%E2%9C%93&format=json&authenticity_token=4oJ1fHzO5HxK8X1qkXnUbwlNIAgLfn2xoae7xIHGwhaIcB%2FvpyZgCYRIqXdW%2F1fC9plaaON3OkB%2B9Z0nskMAdw%3D%3D" for 127.0.0.1 at 2016-05-26 15:37:23 +0800
Processing by ApisController#query as JSON
  Parameters: {"q"=>"w", "utf8"=>"✓", "authenticity_token"=>"4oJ1fHzO5HxK8X1qkXnUbwlNIAgLfn2xoae7xIHGwhaIcB/vpyZgCYRIqXdW/1fC9plaaON3OkB+9Z0nskMAdw==", "api"=>{}}
  [1m[36mApi Load (0.6ms)[0m  [1mSELECT "apis".* FROM "apis" WHERE (uri like '%w%' OR method like '%w%' OR section like '%w%' OR description like '%w%')[0m
Completed 200 OK in 8ms (Views: 5.9ms | ActiveRecord: 0.6ms)
Started GET "/instantsearch?q=G&utf8=%E2%9C%93&format=json&authenticity_token=4oJ1fHzO5HxK8X1qkXnUbwlNIAgLfn2xoae7xIHGwhaIcB%2FvpyZgCYRIqXdW%2F1fC9plaaON3OkB%2B9Z0nskMAdw%3D%3D" for 127.0.0.1 at 2016-05-26 15:37:24 +0800
Processing by ApisController#query as JSON
  Parameters: {"q"=>"G", "utf8"=>"✓", "authenticity_token"=>"4oJ1fHzO5HxK8X1qkXnUbwlNIAgLfn2xoae7xIHGwhaIcB/vpyZgCYRIqXdW/1fC9plaaON3OkB+9Z0nskMAdw==", "api"=>{}}
  [1m[35mApi Load (0.5ms)[0m  SELECT "apis".* FROM "apis" WHERE (uri like '%G%' OR method like '%G%' OR section like '%G%' OR description like '%G%')
Completed 200 OK in 6ms (Views: 4.7ms | ActiveRecord: 0.5ms)
Started GET "/instantsearch?q=GET&utf8=%E2%9C%93&format=json&authenticity_token=4oJ1fHzO5HxK8X1qkXnUbwlNIAgLfn2xoae7xIHGwhaIcB%2FvpyZgCYRIqXdW%2F1fC9plaaON3OkB%2B9Z0nskMAdw%3D%3D" for 127.0.0.1 at 2016-05-26 15:37:25 +0800
Processing by ApisController#query as JSON
  Parameters: {"q"=>"GET", "utf8"=>"✓", "authenticity_token"=>"4oJ1fHzO5HxK8X1qkXnUbwlNIAgLfn2xoae7xIHGwhaIcB/vpyZgCYRIqXdW/1fC9plaaON3OkB+9Z0nskMAdw==", "api"=>{}}
  [1m[36mApi Load (0.4ms)[0m  [1mSELECT "apis".* FROM "apis" WHERE (uri like '%GET%' OR method like '%GET%' OR section like '%GET%' OR description like '%GET%')[0m
Completed 200 OK in 6ms (Views: 4.6ms | ActiveRecord: 0.4ms)
Started GET "/instantsearch?q=GET&utf8=%E2%9C%93&format=json&authenticity_token=4oJ1fHzO5HxK8X1qkXnUbwlNIAgLfn2xoae7xIHGwhaIcB%2FvpyZgCYRIqXdW%2F1fC9plaaON3OkB%2B9Z0nskMAdw%3D%3D" for 127.0.0.1 at 2016-05-26 15:37:25 +0800
Processing by ApisController#query as JSON
  Parameters: {"q"=>"GET", "utf8"=>"✓", "authenticity_token"=>"4oJ1fHzO5HxK8X1qkXnUbwlNIAgLfn2xoae7xIHGwhaIcB/vpyZgCYRIqXdW/1fC9plaaON3OkB+9Z0nskMAdw==", "api"=>{}}
  [1m[35mApi Load (0.5ms)[0m  SELECT "apis".* FROM "apis" WHERE (uri like '%GET%' OR method like '%GET%' OR section like '%GET%' OR description like '%GET%')
Completed 200 OK in 11ms (Views: 9.2ms | ActiveRecord: 0.5ms)
Started GET "/instantsearch?q=GE&utf8=%E2%9C%93&format=json&authenticity_token=4oJ1fHzO5HxK8X1qkXnUbwlNIAgLfn2xoae7xIHGwhaIcB%2FvpyZgCYRIqXdW%2F1fC9plaaON3OkB%2B9Z0nskMAdw%3D%3D" for 127.0.0.1 at 2016-05-26 15:37:26 +0800
Processing by ApisController#query as JSON
  Parameters: {"q"=>"GE", "utf8"=>"✓", "authenticity_token"=>"4oJ1fHzO5HxK8X1qkXnUbwlNIAgLfn2xoae7xIHGwhaIcB/vpyZgCYRIqXdW/1fC9plaaON3OkB+9Z0nskMAdw==", "api"=>{}}
  [1m[35mApi Load (0.5ms)[0m  SELECT "apis".* FROM "apis" WHERE (uri like '%GE%' OR method like '%GE%' OR section like '%GE%' OR description like '%GE%')
Completed 200 OK in 6ms (Views: 4.6ms | ActiveRecord: 0.5ms)
Started GET "/instantsearch?q=G&utf8=%E2%9C%93&format=json&authenticity_token=4oJ1fHzO5HxK8X1qkXnUbwlNIAgLfn2xoae7xIHGwhaIcB%2FvpyZgCYRIqXdW%2F1fC9plaaON3OkB%2B9Z0nskMAdw%3D%3D" for 127.0.0.1 at 2016-05-26 15:37:26 +0800
Processing by ApisController#query as JSON
  Parameters: {"q"=>"G", "utf8"=>"✓", "authenticity_token"=>"4oJ1fHzO5HxK8X1qkXnUbwlNIAgLfn2xoae7xIHGwhaIcB/vpyZgCYRIqXdW/1fC9plaaON3OkB+9Z0nskMAdw==", "api"=>{}}
  [1m[36mApi Load (0.4ms)[0m  [1mSELECT "apis".* FROM "apis" WHERE (uri like '%G%' OR method like '%G%' OR section like '%G%' OR description like '%G%')[0m
Completed 200 OK in 9ms (Views: 7.2ms | ActiveRecord: 0.4ms)
Started GET "/instantsearch?q=PO&utf8=%E2%9C%93&format=json&authenticity_token=4oJ1fHzO5HxK8X1qkXnUbwlNIAgLfn2xoae7xIHGwhaIcB%2FvpyZgCYRIqXdW%2F1fC9plaaON3OkB%2B9Z0nskMAdw%3D%3D" for 127.0.0.1 at 2016-05-26 15:37:28 +0800
Processing by ApisController#query as JSON
  Parameters: {"q"=>"PO", "utf8"=>"✓", "authenticity_token"=>"4oJ1fHzO5HxK8X1qkXnUbwlNIAgLfn2xoae7xIHGwhaIcB/vpyZgCYRIqXdW/1fC9plaaON3OkB+9Z0nskMAdw==", "api"=>{}}
  [1m[36mApi Load (0.4ms)[0m  [1mSELECT "apis".* FROM "apis" WHERE (uri like '%PO%' OR method like '%PO%' OR section like '%PO%' OR description like '%PO%')[0m
Completed 200 OK in 2ms (Views: 0.8ms | ActiveRecord: 0.4ms)
Started GET "/instantsearch?q=POS&utf8=%E2%9C%93&format=json&authenticity_token=4oJ1fHzO5HxK8X1qkXnUbwlNIAgLfn2xoae7xIHGwhaIcB%2FvpyZgCYRIqXdW%2F1fC9plaaON3OkB%2B9Z0nskMAdw%3D%3D" for 127.0.0.1 at 2016-05-26 15:37:28 +0800
Processing by ApisController#query as JSON
  Parameters: {"q"=>"POS", "utf8"=>"✓", "authenticity_token"=>"4oJ1fHzO5HxK8X1qkXnUbwlNIAgLfn2xoae7xIHGwhaIcB/vpyZgCYRIqXdW/1fC9plaaON3OkB+9Z0nskMAdw==", "api"=>{}}
  [1m[35mApi Load (0.4ms)[0m  SELECT "apis".* FROM "apis" WHERE (uri like '%POS%' OR method like '%POS%' OR section like '%POS%' OR description like '%POS%')
Completed 200 OK in 3ms (Views: 1.0ms | ActiveRecord: 0.4ms)
Started GET "/instantsearch?q=POS&utf8=%E2%9C%93&format=json&authenticity_token=4oJ1fHzO5HxK8X1qkXnUbwlNIAgLfn2xoae7xIHGwhaIcB%2FvpyZgCYRIqXdW%2F1fC9plaaON3OkB%2B9Z0nskMAdw%3D%3D" for 127.0.0.1 at 2016-05-26 15:37:28 +0800
Processing by ApisController#query as JSON
  Parameters: {"q"=>"POS", "utf8"=>"✓", "authenticity_token"=>"4oJ1fHzO5HxK8X1qkXnUbwlNIAgLfn2xoae7xIHGwhaIcB/vpyZgCYRIqXdW/1fC9plaaON3OkB+9Z0nskMAdw==", "api"=>{}}
  [1m[35mApi Load (0.3ms)[0m  SELECT "apis".* FROM "apis" WHERE (uri like '%POS%' OR method like '%POS%' OR section like '%POS%' OR description like '%POS%')
Completed 200 OK in 2ms (Views: 0.7ms | ActiveRecord: 0.3ms)
Started GET "/instantsearch?q=PO&utf8=%E2%9C%93&format=json&authenticity_token=4oJ1fHzO5HxK8X1qkXnUbwlNIAgLfn2xoae7xIHGwhaIcB%2FvpyZgCYRIqXdW%2F1fC9plaaON3OkB%2B9Z0nskMAdw%3D%3D" for 127.0.0.1 at 2016-05-26 15:37:28 +0800
Processing by ApisController#query as JSON
  Parameters: {"q"=>"PO", "utf8"=>"✓", "authenticity_token"=>"4oJ1fHzO5HxK8X1qkXnUbwlNIAgLfn2xoae7xIHGwhaIcB/vpyZgCYRIqXdW/1fC9plaaON3OkB+9Z0nskMAdw==", "api"=>{}}
  [1m[36mApi Load (0.5ms)[0m  [1mSELECT "apis".* FROM "apis" WHERE (uri like '%PO%' OR method like '%PO%' OR section like '%PO%' OR description like '%PO%')[0m
Completed 200 OK in 2ms (Views: 0.8ms | ActiveRecord: 0.5ms)
Started GET "/instantsearch?q=P&utf8=%E2%9C%93&format=json&authenticity_token=4oJ1fHzO5HxK8X1qkXnUbwlNIAgLfn2xoae7xIHGwhaIcB%2FvpyZgCYRIqXdW%2F1fC9plaaON3OkB%2B9Z0nskMAdw%3D%3D" for 127.0.0.1 at 2016-05-26 15:37:29 +0800
Processing by ApisController#query as JSON
  Parameters: {"q"=>"P", "utf8"=>"✓", "authenticity_token"=>"4oJ1fHzO5HxK8X1qkXnUbwlNIAgLfn2xoae7xIHGwhaIcB/vpyZgCYRIqXdW/1fC9plaaON3OkB+9Z0nskMAdw==", "api"=>{}}
  [1m[35mApi Load (0.4ms)[0m  SELECT "apis".* FROM "apis" WHERE (uri like '%P%' OR method like '%P%' OR section like '%P%' OR description like '%P%')
Completed 200 OK in 2ms (Views: 0.8ms | ActiveRecord: 0.4ms)
Started GET "/" for 127.0.0.1 at 2016-05-26 15:56:16 +0800
Processing by StaticPagesController#home as HTML
  [1m[36mUser Load (0.2ms)[0m  [1mSELECT  "users".* FROM "users" WHERE "users"."id" = $1 LIMIT 1[0m  [["id", 12]]
  [1m[35m (0.2ms)[0m  SELECT COUNT(*) FROM "microposts" WHERE "microposts"."user_id" = $1  [["user_id", 12]]
  Rendered shared/_user_info.html.erb (2.0ms)
  [1m[36m (0.4ms)[0m  [1mSELECT COUNT(*) FROM "users" INNER JOIN "relationships" ON "users"."id" = "relationships"."followed_id" WHERE "relationships"."follower_id" = $1[0m  [["follower_id", 12]]
  [1m[35m (0.3ms)[0m  SELECT COUNT(*) FROM "users" INNER JOIN "relationships" ON "users"."id" = "relationships"."follower_id" WHERE "relationships"."followed_id" = $1  [["followed_id", 12]]
  Rendered shared/_stats.html.erb (4.6ms)
  Rendered shared/_error_messages.html.erb (0.0ms)
  Rendered shared/_img_upload.html.erb (0.2ms)
  Rendered shared/_micropost_form.html.erb (1.4ms)
  [1m[36m (0.3ms)[0m  [1mSELECT COUNT(*) FROM "microposts" WHERE (user_id IN (SELECT followed_id FROM relationships
                     WHERE  follower_id = 12)
                     OR user_id = 12)[0m
  [1m[35mCACHE (0.0ms)[0m  SELECT COUNT(*) FROM "microposts" WHERE (user_id IN (SELECT followed_id FROM relationships
                     WHERE  follower_id = 12)
                     OR user_id = 12)
  [1m[36mMicropost Load (0.3ms)[0m  [1mSELECT  "microposts".* FROM "microposts" WHERE (user_id IN (SELECT followed_id FROM relationships
                     WHERE  follower_id = 12)
                     OR user_id = 12)  ORDER BY "microposts"."created_at" DESC LIMIT 30 OFFSET 0[0m
  [1m[35mUser Load (0.2ms)[0m  SELECT "users".* FROM "users" WHERE "users"."id" IN (12)
  Rendered microposts/_micropost.html.erb (4.6ms)
  Rendered shared/_feed.html.erb (9.1ms)
  Rendered static_pages/home.html.erb within layouts/application (19.1ms)
  Rendered layouts/_shim.html.erb (0.0ms)
  Rendered layouts/_header.html.erb (1.1ms)
  Rendered layouts/_footer.html.erb (0.0ms)
Completed 200 OK in 28ms (Views: 21.0ms | ActiveRecord: 2.0ms)
Started GET "/dev" for 127.0.0.1 at 2016-05-26 15:56:20 +0800
Processing by StaticPagesController#dev as HTML
  [1m[36mUser Load (0.2ms)[0m  [1mSELECT  "users".* FROM "users" WHERE "users"."id" = $1 LIMIT 1[0m  [["id", 12]]
  Rendered static_pages/dev.html.erb within layouts/application (0.1ms)
  Rendered layouts/_shim.html.erb (0.0ms)
  Rendered layouts/_header.html.erb (1.2ms)
  Rendered layouts/_footer.html.erb (0.0ms)
Completed 200 OK in 5ms (Views: 3.0ms | ActiveRecord: 0.2ms)
Started GET "/apis?utf8=%E2%9C%93&format=json&authenticity_token=AlTZ%2Fkc%2FVccTrumioUZp%2BlOyoIrnBjG9T4Z4w2HXLlVoprNtnNfRst0XPb9mwOpXrGba6g8PdkyQ1F4gUlLsNA%3D%3D" for 127.0.0.1 at 2016-05-26 15:56:20 +0800
Processing by ApisController#index as JSON
  Parameters: {"utf8"=>"✓", "authenticity_token"=>"AlTZ/kc/VccTrumioUZp+lOyoIrnBjG9T4Z4w2HXLlVoprNtnNfRst0XPb9mwOpXrGba6g8PdkyQ1F4gUlLsNA==", "api"=>{}}
  [1m[35mUser Load (0.2ms)[0m  SELECT  "users".* FROM "users" WHERE "users"."id" = $1 LIMIT 1  [["id", 12]]
  [1m[36m (0.2ms)[0m  [1mSELECT COUNT(*) FROM "apis"[0m
  [1m[35mApi Load (0.3ms)[0m  SELECT  "apis".* FROM "apis"  ORDER BY created_at DESC LIMIT 30 OFFSET 0
Completed 200 OK in 9ms (Views: 5.8ms | ActiveRecord: 0.7ms)
Started DELETE "/logout" for 127.0.0.1 at 2016-05-26 15:56:22 +0800
Processing by SessionsController#destroy as HTML
  Parameters: {"authenticity_token"=>"AlTZ/kc/VccTrumioUZp+lOyoIrnBjG9T4Z4w2HXLlVoprNtnNfRst0XPb9mwOpXrGba6g8PdkyQ1F4gUlLsNA=="}
  [1m[36mUser Load (0.2ms)[0m  [1mSELECT  "users".* FROM "users" WHERE "users"."id" = $1 LIMIT 1[0m  [["id", 12]]
  [1m[35m (0.1ms)[0m  BEGIN
  [1m[36m (0.1ms)[0m  [1mCOMMIT[0m
Redirected to http://cp01-rdqa-dev098.cp01.baidu.com:8456/
Completed 302 Found in 4ms (ActiveRecord: 0.3ms)
Started GET "/" for 127.0.0.1 at 2016-05-26 15:56:22 +0800
Processing by StaticPagesController#home as HTML
  Rendered static_pages/_rails_logo.html.erb (0.6ms)
  Rendered static_pages/_welcome_img.html.erb (3.3ms)
  Rendered static_pages/home.html.erb within layouts/application (5.8ms)
  Rendered layouts/_shim.html.erb (0.0ms)
  Rendered layouts/_header.html.erb (0.7ms)
  Rendered layouts/_footer.html.erb (0.0ms)
Completed 200 OK in 15ms (Views: 8.5ms | ActiveRecord: 0.0ms)
Started GET "/login" for 127.0.0.1 at 2016-05-26 15:56:27 +0800
Processing by SessionsController#new as HTML
  Rendered sessions/new.html.erb within layouts/application (3.0ms)
  Rendered layouts/_shim.html.erb (0.1ms)
  Rendered layouts/_header.html.erb (0.7ms)
  Rendered layouts/_footer.html.erb (0.1ms)
Completed 200 OK in 11ms (Views: 9.8ms | ActiveRecord: 0.0ms)
Started POST "/login" for 127.0.0.1 at 2016-05-26 15:56:29 +0800
Processing by SessionsController#create as HTML
  Parameters: {"utf8"=>"✓", "authenticity_token"=>"sVFoguWYUfpS4+g/lZoKNSAWMoRZxiKryV95wsxLgrvbowIRPnDVj5xaPCJSHImY38JI5LHPZVoWDV8h/85A2g==", "session"=>{"email"=>"hejie03@baidu.com", "password"=>"[FILTERED]", "remember_me"=>"0"}, "commit"=>"Log in"}
  [1m[36mUser Load (0.3ms)[0m  [1mSELECT  "users".* FROM "users" WHERE "users"."email" = $1 LIMIT 1[0m  [["email", "hejie03@baidu.com"]]
  [1m[35m (0.1ms)[0m  BEGIN
  [1m[36m (0.1ms)[0m  [1mCOMMIT[0m
Redirected to http://cp01-rdqa-dev098.cp01.baidu.com:8456/users/12
Completed 302 Found in 113ms (ActiveRecord: 0.4ms)
Started GET "/users/12" for 127.0.0.1 at 2016-05-26 15:56:30 +0800
Processing by UsersController#show as HTML
  Parameters: {"id"=>"12"}
  [1m[35mUser Load (0.2ms)[0m  SELECT  "users".* FROM "users" WHERE "users"."id" = $1 LIMIT 1  [["id", 12]]
  [1m[36m (0.2ms)[0m  [1mSELECT COUNT(*) FROM "microposts" WHERE "microposts"."user_id" = $1[0m  [["user_id", 12]]
  [1m[35m (0.4ms)[0m  SELECT COUNT(*) FROM "users" INNER JOIN "relationships" ON "users"."id" = "relationships"."followed_id" WHERE "relationships"."follower_id" = $1  [["follower_id", 12]]
  [1m[36m (0.3ms)[0m  [1mSELECT COUNT(*) FROM "users" INNER JOIN "relationships" ON "users"."id" = "relationships"."follower_id" WHERE "relationships"."followed_id" = $1[0m  [["followed_id", 12]]
  Rendered shared/_stats.html.erb (3.5ms)
  [1m[35mUser Load (0.1ms)[0m  SELECT  "users".* FROM "users" WHERE "users"."id" = $1 LIMIT 1  [["id", 12]]
  Rendered users/_follow_form.html.erb (0.1ms)
  [1m[36mMicropost Exists (0.2ms)[0m  [1mSELECT  1 AS one FROM "microposts" WHERE "microposts"."user_id" = $1 LIMIT 1[0m  [["user_id", 12]]
  [1m[35mMicropost Load (0.2ms)[0m  SELECT  "microposts".* FROM "microposts" WHERE "microposts"."user_id" = $1  ORDER BY "microposts"."created_at" DESC LIMIT 30 OFFSET 0  [["user_id", 12]]
  Rendered microposts/_micropost.html.erb (3.7ms)
  Rendered users/show.html.erb within layouts/application (11.5ms)
  Rendered layouts/_shim.html.erb (0.0ms)
  Rendered layouts/_header.html.erb (0.9ms)
  Rendered layouts/_footer.html.erb (0.0ms)
Completed 200 OK in 16ms (Views: 12.8ms | ActiveRecord: 1.6ms)
Started GET "/dev" for 127.0.0.1 at 2016-05-26 15:56:32 +0800
Processing by StaticPagesController#dev as HTML
  [1m[36mUser Load (0.2ms)[0m  [1mSELECT  "users".* FROM "users" WHERE "users"."id" = $1 LIMIT 1[0m  [["id", 12]]
  Rendered static_pages/dev.html.erb within layouts/application (0.1ms)
  Rendered layouts/_shim.html.erb (0.0ms)
  Rendered layouts/_header.html.erb (1.0ms)
  Rendered layouts/_footer.html.erb (0.0ms)
Completed 200 OK in 5ms (Views: 3.0ms | ActiveRecord: 0.2ms)
Started GET "/apis?utf8=%E2%9C%93&format=json&authenticity_token=YtSGppiGEAdKRUBCLico0LK4aEM%2BfOOfEX2TSFELXRAIJuw1Q26UcoT8lF%2Fpoat9TWwSI9Z1pG7OL7WrYo6fcQ%3D%3D" for 127.0.0.1 at 2016-05-26 15:56:32 +0800
Processing by ApisController#index as JSON
  Parameters: {"utf8"=>"✓", "authenticity_token"=>"YtSGppiGEAdKRUBCLico0LK4aEM+fOOfEX2TSFELXRAIJuw1Q26UcoT8lF/poat9TWwSI9Z1pG7OL7WrYo6fcQ==", "api"=>{}}
  [1m[35mUser Load (0.1ms)[0m  SELECT  "users".* FROM "users" WHERE "users"."id" = $1 LIMIT 1  [["id", 12]]
  [1m[36m (0.2ms)[0m  [1mSELECT COUNT(*) FROM "apis"[0m
  [1m[35mApi Load (0.3ms)[0m  SELECT  "apis".* FROM "apis"  ORDER BY created_at DESC LIMIT 30 OFFSET 0
Completed 200 OK in 8ms (Views: 4.9ms | ActiveRecord: 0.7ms)
Started GET "/email_whitelists" for 127.0.0.1 at 2016-05-26 15:56:34 +0800
Processing by EmailWhitelistsController#index as HTML
  [1m[35mUser Load (0.2ms)[0m  SELECT  "users".* FROM "users" WHERE "users"."id" = $1 LIMIT 1  [["id", 12]]
  [1m[36m (0.2ms)[0m  [1mSELECT COUNT(*) FROM "email_whitelists"[0m
  [1m[35mEmailWhitelist Load (0.2ms)[0m  SELECT "email_whitelists".* FROM "email_whitelists"
  Rendered email_whitelists/index.html.erb within layouts/application (5.4ms)
  Rendered layouts/_shim.html.erb (0.0ms)
  Rendered layouts/_header.html.erb (0.9ms)
  Rendered layouts/_footer.html.erb (0.0ms)
Completed 200 OK in 10ms (Views: 7.9ms | ActiveRecord: 0.6ms)
Started GET "/help" for 127.0.0.1 at 2016-05-26 15:56:36 +0800
Processing by StaticPagesController#help as HTML
  Rendered static_pages/help.html.erb within layouts/application (0.1ms)
  Rendered layouts/_shim.html.erb (0.0ms)
  [1m[36mUser Load (0.2ms)[0m  [1mSELECT  "users".* FROM "users" WHERE "users"."id" = $1 LIMIT 1[0m  [["id", 12]]
  Rendered layouts/_header.html.erb (2.1ms)
  Rendered layouts/_footer.html.erb (0.0ms)
Completed 200 OK in 5ms (Views: 3.8ms | ActiveRecord: 0.2ms)
Started GET "/log" for 127.0.0.1 at 2016-05-26 15:56:37 +0800
Processing by StaticPagesController#log as HTML
  Rendered static_pages/log.html.erb within layouts/application (0.6ms)
  Rendered layouts/_shim.html.erb (0.0ms)
  [1m[36mUser Load (0.2ms)[0m  [1mSELECT  "users".* FROM "users" WHERE "users"."id" = $1 LIMIT 1[0m  [["id", 12]]
  Rendered layouts/_header.html.erb (2.0ms)
  Rendered layouts/_footer.html.erb (0.0ms)
Completed 200 OK in 6ms (Views: 4.9ms | ActiveRecord: 0.2ms)
Started GET "/passport" for 127.0.0.1 at 2016-05-26 15:56:39 +0800
Processing by StaticPagesController#passport as HTML
  Rendered static_pages/passport.html.erb within layouts/blank (0.8ms)
Completed 200 OK in 4ms (Views: 2.9ms | ActiveRecord: 0.0ms)
Started GET "/" for 127.0.0.1 at 2016-05-26 15:56:47 +0800
Processing by StaticPagesController#home as HTML
  [1m[35mUser Load (0.2ms)[0m  SELECT  "users".* FROM "users" WHERE "users"."id" = $1 LIMIT 1  [["id", 12]]
  [1m[36m (0.2ms)[0m  [1mSELECT COUNT(*) FROM "microposts" WHERE "microposts"."user_id" = $1[0m  [["user_id", 12]]
  Rendered shared/_user_info.html.erb (2.0ms)
  [1m[35m (0.4ms)[0m  SELECT COUNT(*) FROM "users" INNER JOIN "relationships" ON "users"."id" = "relationships"."followed_id" WHERE "relationships"."follower_id" = $1  [["follower_id", 12]]
  [1m[36m (0.3ms)[0m  [1mSELECT COUNT(*) FROM "users" INNER JOIN "relationships" ON "users"."id" = "relationships"."follower_id" WHERE "relationships"."followed_id" = $1[0m  [["followed_id", 12]]
  Rendered shared/_stats.html.erb (3.5ms)
  Rendered shared/_error_messages.html.erb (0.0ms)
  Rendered shared/_img_upload.html.erb (0.2ms)
  Rendered shared/_micropost_form.html.erb (1.4ms)
  [1m[35m (0.3ms)[0m  SELECT COUNT(*) FROM "microposts" WHERE (user_id IN (SELECT followed_id FROM relationships
                     WHERE  follower_id = 12)
                     OR user_id = 12)
  [1m[36mCACHE (0.0ms)[0m  [1mSELECT COUNT(*) FROM "microposts" WHERE (user_id IN (SELECT followed_id FROM relationships
                     WHERE  follower_id = 12)
                     OR user_id = 12)[0m
  [1m[35mMicropost Load (0.4ms)[0m  SELECT  "microposts".* FROM "microposts" WHERE (user_id IN (SELECT followed_id FROM relationships
                     WHERE  follower_id = 12)
                     OR user_id = 12)  ORDER BY "microposts"."created_at" DESC LIMIT 30 OFFSET 0
  [1m[36mUser Load (0.2ms)[0m  [1mSELECT "users".* FROM "users" WHERE "users"."id" IN (12)[0m
  Rendered microposts/_micropost.html.erb (4.1ms)
  Rendered shared/_feed.html.erb (8.3ms)
  Rendered static_pages/home.html.erb within layouts/application (16.3ms)
  Rendered layouts/_shim.html.erb (0.1ms)
  Rendered layouts/_header.html.erb (1.6ms)
  Rendered layouts/_footer.html.erb (0.0ms)
Completed 200 OK in 24ms (Views: 17.8ms | ActiveRecord: 2.0ms)
Started GET "/" for 127.0.0.1 at 2016-05-26 16:15:43 +0800
Processing by StaticPagesController#home as HTML
  [1m[35mUser Load (0.2ms)[0m  SELECT  "users".* FROM "users" WHERE "users"."id" = $1 LIMIT 1  [["id", 12]]
  [1m[36m (0.2ms)[0m  [1mSELECT COUNT(*) FROM "microposts" WHERE "microposts"."user_id" = $1[0m  [["user_id", 12]]
  Rendered shared/_user_info.html.erb (1.4ms)
  [1m[35m (0.4ms)[0m  SELECT COUNT(*) FROM "users" INNER JOIN "relationships" ON "users"."id" = "relationships"."followed_id" WHERE "relationships"."follower_id" = $1  [["follower_id", 12]]
  [1m[36m (0.3ms)[0m  [1mSELECT COUNT(*) FROM "users" INNER JOIN "relationships" ON "users"."id" = "relationships"."follower_id" WHERE "relationships"."followed_id" = $1[0m  [["followed_id", 12]]
  Rendered shared/_stats.html.erb (3.5ms)
  Rendered shared/_error_messages.html.erb (0.0ms)
  Rendered shared/_img_upload.html.erb (0.2ms)
  Rendered shared/_micropost_form.html.erb (1.3ms)
  [1m[35m (0.4ms)[0m  SELECT COUNT(*) FROM "microposts" WHERE (user_id IN (SELECT followed_id FROM relationships
                     WHERE  follower_id = 12)
                     OR user_id = 12)
  [1m[36mCACHE (0.0ms)[0m  [1mSELECT COUNT(*) FROM "microposts" WHERE (user_id IN (SELECT followed_id FROM relationships
                     WHERE  follower_id = 12)
                     OR user_id = 12)[0m
  [1m[35mMicropost Load (0.4ms)[0m  SELECT  "microposts".* FROM "microposts" WHERE (user_id IN (SELECT followed_id FROM relationships
                     WHERE  follower_id = 12)
                     OR user_id = 12)  ORDER BY "microposts"."created_at" DESC LIMIT 30 OFFSET 0
  [1m[36mUser Load (0.2ms)[0m  [1mSELECT "users".* FROM "users" WHERE "users"."id" IN (12)[0m
  Rendered microposts/_micropost.html.erb (3.8ms)
  Rendered shared/_feed.html.erb (7.8ms)
  Rendered static_pages/home.html.erb within layouts/application (15.1ms)
  Rendered layouts/_shim.html.erb (0.0ms)
  Rendered layouts/_header.html.erb (0.9ms)
  Rendered layouts/_footer.html.erb (0.0ms)
Completed 200 OK in 21ms (Views: 15.7ms | ActiveRecord: 2.1ms)
Started GET "/dev" for 127.0.0.1 at 2016-05-26 16:15:46 +0800
Processing by StaticPagesController#dev as HTML
  [1m[35mUser Load (0.2ms)[0m  SELECT  "users".* FROM "users" WHERE "users"."id" = $1 LIMIT 1  [["id", 12]]
  Rendered static_pages/dev.html.erb within layouts/application (0.1ms)
  Rendered layouts/_shim.html.erb (0.0ms)
  Rendered layouts/_header.html.erb (1.0ms)
  Rendered layouts/_footer.html.erb (0.0ms)
Completed 200 OK in 5ms (Views: 3.2ms | ActiveRecord: 0.2ms)
Started GET "/apis?utf8=%E2%9C%93&format=json&authenticity_token=kq8CHzTZxDroO8DMOyvxEnHMEYCU2E7fDBF3AuIs9U74XWiM7zFATyaCFNH8rXK%2Fjhhr4HzRCS7TQ1Hh0ak3Lw%3D%3D" for 127.0.0.1 at 2016-05-26 16:15:46 +0800
Processing by ApisController#index as JSON
  Parameters: {"utf8"=>"✓", "authenticity_token"=>"kq8CHzTZxDroO8DMOyvxEnHMEYCU2E7fDBF3AuIs9U74XWiM7zFATyaCFNH8rXK/jhhr4HzRCS7TQ1Hh0ak3Lw==", "api"=>{}}
  [1m[35mUser Load (0.2ms)[0m  SELECT  "users".* FROM "users" WHERE "users"."id" = $1 LIMIT 1  [["id", 12]]
  [1m[36m (0.2ms)[0m  [1mSELECT COUNT(*) FROM "apis"[0m
  [1m[35mApi Load (0.3ms)[0m  SELECT  "apis".* FROM "apis"  ORDER BY created_at DESC LIMIT 30 OFFSET 0
Completed 200 OK in 9ms (Views: 5.8ms | ActiveRecord: 0.8ms)
Started GET "/email_whitelists" for 127.0.0.1 at 2016-05-26 16:15:47 +0800
Processing by EmailWhitelistsController#index as HTML
  [1m[36mUser Load (0.2ms)[0m  [1mSELECT  "users".* FROM "users" WHERE "users"."id" = $1 LIMIT 1[0m  [["id", 12]]
  [1m[35m (0.2ms)[0m  SELECT COUNT(*) FROM "email_whitelists"
  [1m[36mEmailWhitelist Load (0.2ms)[0m  [1mSELECT "email_whitelists".* FROM "email_whitelists"[0m
  Rendered email_whitelists/index.html.erb within layouts/application (5.0ms)
  Rendered layouts/_shim.html.erb (0.0ms)
  Rendered layouts/_header.html.erb (1.0ms)
  Rendered layouts/_footer.html.erb (0.0ms)
Completed 200 OK in 10ms (Views: 7.4ms | ActiveRecord: 0.6ms)
Started GET "/users" for 127.0.0.1 at 2016-05-26 16:15:50 +0800
Processing by UsersController#index as HTML
  [1m[35mUser Load (0.2ms)[0m  SELECT  "users".* FROM "users" WHERE "users"."id" = $1 LIMIT 1  [["id", 12]]
  [1m[36m (0.3ms)[0m  [1mSELECT COUNT(*) FROM "users"[0m
  [1m[35mUser Load (0.2ms)[0m  SELECT  "users".* FROM "users" LIMIT 30 OFFSET 0
  [1m[36mUser Exists (0.3ms)[0m  [1mSELECT  1 AS one FROM "users" INNER JOIN "relationships" ON "users"."id" = "relationships"."followed_id" WHERE "relationships"."follower_id" = $1 AND "users"."id" = $2 LIMIT 1[0m  [["follower_id", 12], ["id", 16]]
  [1m[35mRelationship Load (0.2ms)[0m  SELECT  "relationships".* FROM "relationships" WHERE "relationships"."follower_id" = $1 AND "relationships"."followed_id" = $2 LIMIT 1  [["follower_id", 12], ["followed_id", 16]]
  Rendered users/_unfollow.html.erb (7.9ms)
  Rendered users/_follow_form.html.erb (13.9ms)
  Rendered users/_follow_form.html.erb (0.1ms)
  [1m[36mUser Exists (0.3ms)[0m  [1mSELECT  1 AS one FROM "users" INNER JOIN "relationships" ON "users"."id" = "relationships"."followed_id" WHERE "relationships"."follower_id" = $1 AND "users"."id" = $2 LIMIT 1[0m  [["follower_id", 12], ["id", 15]]
  [1m[35mRelationship Load (0.3ms)[0m  SELECT  "relationships".* FROM "relationships" WHERE "relationships"."follower_id" = $1 AND "relationships"."followed_id" = $2 LIMIT 1  [["follower_id", 12], ["followed_id", 15]]
  Rendered users/_unfollow.html.erb (1.7ms)
  Rendered users/_follow_form.html.erb (3.1ms)
  Rendered users/_user.html.erb (21.2ms)
  Rendered users/index.html.erb within layouts/application (25.2ms)
  Rendered layouts/_shim.html.erb (0.0ms)
  Rendered layouts/_header.html.erb (1.0ms)
  Rendered layouts/_footer.html.erb (0.0ms)
Completed 200 OK in 30ms (Views: 26.4ms | ActiveRecord: 2.2ms)
Started GET "/400dsa" for 127.0.0.1 at 2016-05-26 16:16:15 +0800

ActionController::RoutingError (No route matches [GET] "/400dsa"):
  actionpack (4.2.6) lib/action_dispatch/middleware/debug_exceptions.rb:21:in `call'
  actionpack (4.2.6) lib/action_dispatch/middleware/show_exceptions.rb:30:in `call'
  railties (4.2.6) lib/rails/rack/logger.rb:38:in `call_app'
  railties (4.2.6) lib/rails/rack/logger.rb:20:in `block in call'
  activesupport (4.2.6) lib/active_support/tagged_logging.rb:68:in `block in tagged'
  activesupport (4.2.6) lib/active_support/tagged_logging.rb:26:in `tagged'
  activesupport (4.2.6) lib/active_support/tagged_logging.rb:68:in `tagged'
  railties (4.2.6) lib/rails/rack/logger.rb:20:in `call'
  actionpack (4.2.6) lib/action_dispatch/middleware/request_id.rb:21:in `call'
  rack (1.6.4) lib/rack/methodoverride.rb:22:in `call'
  rack (1.6.4) lib/rack/runtime.rb:18:in `call'
  activesupport (4.2.6) lib/active_support/cache/strategy/local_cache_middleware.rb:28:in `call'
  actionpack (4.2.6) lib/action_dispatch/middleware/static.rb:120:in `call'
  rack (1.6.4) lib/rack/sendfile.rb:113:in `call'
  railties (4.2.6) lib/rails/engine.rb:518:in `call'
  railties (4.2.6) lib/rails/application.rb:165:in `call'
  puma (3.4.0) lib/puma/configuration.rb:224:in `call'
  puma (3.4.0) lib/puma/server.rb:569:in `handle_request'
  puma (3.4.0) lib/puma/server.rb:406:in `process_client'
  puma (3.4.0) lib/puma/server.rb:271:in `block in run'
  puma (3.4.0) lib/puma/thread_pool.rb:114:in `call'
  puma (3.4.0) lib/puma/thread_pool.rb:114:in `block in spawn_thread'


Started GET "/" for 127.0.0.1 at 2016-05-26 16:16:38 +0800
Processing by StaticPagesController#home as HTML
  [1m[36mUser Load (0.2ms)[0m  [1mSELECT  "users".* FROM "users" WHERE "users"."id" = $1 LIMIT 1[0m  [["id", 12]]
  [1m[35m (0.1ms)[0m  SELECT COUNT(*) FROM "microposts" WHERE "microposts"."user_id" = $1  [["user_id", 12]]
  Rendered shared/_user_info.html.erb (1.8ms)
  [1m[36m (0.2ms)[0m  [1mSELECT COUNT(*) FROM "users" INNER JOIN "relationships" ON "users"."id" = "relationships"."followed_id" WHERE "relationships"."follower_id" = $1[0m  [["follower_id", 12]]
  [1m[35m (0.1ms)[0m  SELECT COUNT(*) FROM "users" INNER JOIN "relationships" ON "users"."id" = "relationships"."follower_id" WHERE "relationships"."followed_id" = $1  [["followed_id", 12]]
  Rendered shared/_stats.html.erb (2.9ms)
  Rendered shared/_error_messages.html.erb (0.0ms)
  Rendered shared/_img_upload.html.erb (0.2ms)
  Rendered shared/_micropost_form.html.erb (1.3ms)
  [1m[36m (0.4ms)[0m  [1mSELECT COUNT(*) FROM "microposts" WHERE (user_id IN (SELECT followed_id FROM relationships
                     WHERE  follower_id = 12)
                     OR user_id = 12)[0m
  [1m[35mCACHE (0.0ms)[0m  SELECT COUNT(*) FROM "microposts" WHERE (user_id IN (SELECT followed_id FROM relationships
                     WHERE  follower_id = 12)
                     OR user_id = 12)
  [1m[36mMicropost Load (0.4ms)[0m  [1mSELECT  "microposts".* FROM "microposts" WHERE (user_id IN (SELECT followed_id FROM relationships
                     WHERE  follower_id = 12)
                     OR user_id = 12)  ORDER BY "microposts"."created_at" DESC LIMIT 30 OFFSET 0[0m
  [1m[35mUser Load (0.2ms)[0m  SELECT "users".* FROM "users" WHERE "users"."id" IN (12)
  Rendered microposts/_micropost.html.erb (3.8ms)
  Rendered shared/_feed.html.erb (7.6ms)
  Rendered static_pages/home.html.erb within layouts/application (14.8ms)
  Rendered layouts/_shim.html.erb (0.1ms)
  Rendered layouts/_header.html.erb (0.9ms)
  Rendered layouts/_footer.html.erb (0.0ms)
Completed 200 OK in 21ms (Views: 15.9ms | ActiveRecord: 1.6ms)
Started GET "/dev" for 127.0.0.1 at 2016-05-26 16:16:41 +0800
Processing by StaticPagesController#dev as HTML
  [1m[36mUser Load (0.2ms)[0m  [1mSELECT  "users".* FROM "users" WHERE "users"."id" = $1 LIMIT 1[0m  [["id", 12]]
  Rendered static_pages/dev.html.erb within layouts/application (0.1ms)
  Rendered layouts/_shim.html.erb (0.0ms)
  Rendered layouts/_header.html.erb (1.0ms)
  Rendered layouts/_footer.html.erb (0.0ms)
Completed 200 OK in 4ms (Views: 2.7ms | ActiveRecord: 0.2ms)
Started GET "/apis?utf8=%E2%9C%93&format=json&authenticity_token=c1a0nMf21hCwMaTBz4DiJQkOvX%2FI%2Fr%2FHkUV63S%2B9NyoZpN4PHB5SZX6IcNwIBmGI9trHHyD3%2BDZOF1w%2BHDj1Sw%3D%3D" for 127.0.0.1 at 2016-05-26 16:16:41 +0800
Processing by ApisController#index as JSON
  Parameters: {"utf8"=>"✓", "authenticity_token"=>"c1a0nMf21hCwMaTBz4DiJQkOvX/I/r/HkUV63S+9NyoZpN4PHB5SZX6IcNwIBmGI9trHHyD3+DZOF1w+HDj1Sw==", "api"=>{}}
  [1m[36mUser Load (0.2ms)[0m  [1mSELECT  "users".* FROM "users" WHERE "users"."id" = $1 LIMIT 1[0m  [["id", 12]]
  [1m[35m (0.3ms)[0m  SELECT COUNT(*) FROM "apis"
  [1m[36mApi Load (0.3ms)[0m  [1mSELECT  "apis".* FROM "apis"  ORDER BY created_at DESC LIMIT 30 OFFSET 0[0m
Completed 200 OK in 9ms (Views: 5.3ms | ActiveRecord: 0.8ms)
Started GET "/" for 127.0.0.1 at 2016-05-26 16:16:42 +0800
Processing by StaticPagesController#home as HTML
  [1m[35mUser Load (0.3ms)[0m  SELECT  "users".* FROM "users" WHERE "users"."id" = $1 LIMIT 1  [["id", 12]]
  [1m[36m (0.1ms)[0m  [1mSELECT COUNT(*) FROM "microposts" WHERE "microposts"."user_id" = $1[0m  [["user_id", 12]]
  Rendered shared/_user_info.html.erb (1.3ms)
  [1m[35m (0.2ms)[0m  SELECT COUNT(*) FROM "users" INNER JOIN "relationships" ON "users"."id" = "relationships"."followed_id" WHERE "relationships"."follower_id" = $1  [["follower_id", 12]]
  [1m[36m (0.1ms)[0m  [1mSELECT COUNT(*) FROM "users" INNER JOIN "relationships" ON "users"."id" = "relationships"."follower_id" WHERE "relationships"."followed_id" = $1[0m  [["followed_id", 12]]
  Rendered shared/_stats.html.erb (2.9ms)
  Rendered shared/_error_messages.html.erb (0.0ms)
  Rendered shared/_img_upload.html.erb (0.2ms)
  Rendered shared/_micropost_form.html.erb (1.2ms)
  [1m[35m (0.4ms)[0m  SELECT COUNT(*) FROM "microposts" WHERE (user_id IN (SELECT followed_id FROM relationships
                     WHERE  follower_id = 12)
                     OR user_id = 12)
  [1m[36mCACHE (0.0ms)[0m  [1mSELECT COUNT(*) FROM "microposts" WHERE (user_id IN (SELECT followed_id FROM relationships
                     WHERE  follower_id = 12)
                     OR user_id = 12)[0m
  [1m[35mMicropost Load (0.4ms)[0m  SELECT  "microposts".* FROM "microposts" WHERE (user_id IN (SELECT followed_id FROM relationships
                     WHERE  follower_id = 12)
                     OR user_id = 12)  ORDER BY "microposts"."created_at" DESC LIMIT 30 OFFSET 0
  [1m[36mUser Load (0.2ms)[0m  [1mSELECT "users".* FROM "users" WHERE "users"."id" IN (12)[0m
  Rendered microposts/_micropost.html.erb (3.6ms)
  Rendered shared/_feed.html.erb (7.5ms)
  Rendered static_pages/home.html.erb within layouts/application (13.9ms)
  Rendered layouts/_shim.html.erb (0.0ms)
  Rendered layouts/_header.html.erb (8.4ms)
  Rendered layouts/_footer.html.erb (0.0ms)
Completed 200 OK in 27ms (Views: 22.6ms | ActiveRecord: 1.8ms)
